--------------------------------------------------------------------------------
Release 14.7 Trace  (lin64)
Copyright (c) 1995-2013 Xilinx, Inc.  All rights reserved.

/opt/14.7/ISE_DS/ISE/bin/lin64/unwrapped/trce -intstyle ise -v 3 -s 2 -n 3
-fastpaths -xml The_sum.twx The_sum.ncd -o The_sum.twr The_sum.pcf -ucf
The_sum.ucf

Design file:              The_sum.ncd
Physical constraint file: The_sum.pcf
Device,package,speed:     xc6slx16,csg324,C,-2 (PRODUCTION 1.23 2013-10-13)
Report level:             verbose report

Environment Variable      Effect 
--------------------      ------ 
NONE                      No environment variables were set
--------------------------------------------------------------------------------

INFO:Timing:2698 - No timing constraints found, doing default enumeration.
INFO:Timing:3412 - To improve timing, see the Timing Closure User Guide (UG612).
INFO:Timing:2752 - To get complete path coverage, use the unconstrained paths 
   option. All paths that are not constrained will be reported in the 
   unconstrained paths section(s) of the report.
INFO:Timing:3339 - The clock-to-out numbers in this timing report are based on 
   a 50 Ohm transmission line loading model.  For the details of this model, 
   and for more information on accounting for different loading conditions, 
   please see the device datasheet.



Data Sheet report:
-----------------
All values displayed in nanoseconds (ns)

Pad to Pad
---------------+---------------+---------+
Source Pad     |Destination Pad|  Delay  |
---------------+---------------+---------+
A<0>           |LED<0>         |    9.126|
A<0>           |LED<1>         |    9.207|
A<0>           |LED<2>         |   10.637|
A<0>           |LED<3>         |   10.292|
A<0>           |LED<6>         |   10.403|
A<1>           |LED<1>         |    9.329|
A<1>           |LED<2>         |    9.302|
A<1>           |LED<4>         |    9.247|
A<1>           |LED<6>         |    9.584|
A<2>           |LED<2>         |    9.515|
A<2>           |LED<5>         |    9.161|
A<2>           |LED<6>         |    9.400|
B<0>           |LED<0>         |    9.859|
B<0>           |LED<1>         |    9.940|
B<0>           |LED<2>         |   10.153|
B<0>           |LED<6>         |    9.919|
B<1>           |LED<1>         |    9.857|
B<1>           |LED<2>         |    9.252|
B<1>           |LED<6>         |    9.449|
B<2>           |LED<2>         |    9.752|
B<2>           |LED<6>         |    9.507|
START          |LED<0>         |    9.953|
START          |LED<1>         |   10.034|
START          |LED<2>         |   10.139|
START          |LED<3>         |   10.408|
START          |LED<4>         |    9.700|
START          |LED<5>         |    9.591|
START          |LED<6>         |    9.902|
START          |LED<7>         |    8.729|
---------------+---------------+---------+


Analysis completed Wed Dec 13 23:57:03 2023 
--------------------------------------------------------------------------------

Trace Settings:
-------------------------
Trace Settings 

Peak Memory Usage: 376 MB



