#-----------------------------------------------------------
# PlanAhead v14.7 (64-bit)
# Build 321239 by xbuild on Fri Sep 27 19:24:36 MDT 2013
# Start of session at: Sat Nov 25 20:39:33 2023
# Process ID: 39914
# Log file: /home/vassil/workspace/xilinx/sum/planAhead_run_1/planAhead.log
# Journal file: /home/vassil/workspace/xilinx/sum/planAhead_run_1/planAhead.jou
#-----------------------------------------------------------
INFO: [Common 17-78] Attempting to get a license: PlanAhead
INFO: [Common 17-290] Got license for PlanAhead
INFO: [Device 21-36] Loading parts and site information from /opt/14.7/ISE_DS/PlanAhead/data/parts/arch.xml
Parsing RTL primitives file [/opt/14.7/ISE_DS/PlanAhead/data/parts/xilinx/rtl/prims/rtl_prims.xml]
Finished parsing RTL primitives file [/opt/14.7/ISE_DS/PlanAhead/data/parts/xilinx/rtl/prims/rtl_prims.xml]
start_gui
source /home/vassil/workspace/xilinx/sum/pa.fromHdl.tcl
# create_project -name sum -dir "/home/vassil/workspace/xilinx/sum/planAhead_run_1" -part xc6slx4tqg144-2
# set_param project.pinAheadLayout yes
# set srcset [get_property srcset [current_run -impl]]
# set_property target_constrs_file "constraints.ucf" [current_fileset -constrset]
Adding file '/home/vassil/workspace/xilinx/sum/constraints.ucf' to fileset 'constrs_1'
# set hdlfile [add_files [list {The_sum.v}]]
# set_property file_type Verilog $hdlfile
# set_property library work $hdlfile
# set_property top The_sum $srcset
# add_files [list {constraints.ucf}] -fileset [get_property constrset [current_run]]
# open_rtl_design -part xc6slx4tqg144-2
Using Verific elaboration
Parsing VHDL file "/opt/14.7/ISE_DS/PlanAhead/data/parts/xilinx/rtl/lib/synplify/synattr.vhd" into library synplify
Analyzing Verilog file "/home/vassil/workspace/xilinx/sum/The_sum.v" into library work
Loading clock regions from /opt/14.7/ISE_DS/PlanAhead/data/parts/xilinx/spartan6/spartan6lx/xc6slx4/ClockRegion.xml
Loading clock buffers from /opt/14.7/ISE_DS/PlanAhead/data/parts/xilinx/spartan6/spartan6lx/xc6slx4/ClockBuffers.xml
Loading package pin functions from /opt/14.7/ISE_DS/PlanAhead/data/parts/xilinx/spartan6/PinFunctions.xml...
Loading package from /opt/14.7/ISE_DS/PlanAhead/data/parts/xilinx/spartan6/spartan6lx/xc6slx4/tqg144/Package.xml
Loading io standards from /opt/14.7/ISE_DS/PlanAhead/data/./parts/xilinx/spartan6/IOStandards.xml
Loading device configuration modes from /opt/14.7/ISE_DS/PlanAhead/data/parts/xilinx/spartan6/ConfigModes.xml
Loading list of drcs for the architecture : /opt/14.7/ISE_DS/PlanAhead/data/./parts/xilinx/spartan6/drc.xml
Parsing UCF File [/home/vassil/workspace/xilinx/sum/constraints.ucf]
Finished Parsing UCF File [/home/vassil/workspace/xilinx/sum/constraints.ucf]
INFO: [Project 1-111] Unisim Transformation Summary:
No Unisim elements were transformed.

Phase 0 | Netlist Checksum: 5b113e7b
open_rtl_design: Time (s): cpu = 00:00:16 ; elapsed = 00:00:11 . Memory (MB): peak = 2901.031 ; gain = 139.262
update_compile_order -fileset sim_1
exit
ERROR: [#UNDEF] *** Exception: ui.h.b: Found deleted key in HTclEventBroker. Verify if the classes listed here call cleanup()
HTclEvent: SIGNAL_BUS_MODIFY   Classes: ui.views.aR 
HTclEvent: DEBUG_CORE_CONFIG_CHANGE   Classes: ui.views.aR 
HTclEvent: SIGNAL_MODIFY   Classes: ui.views.aR 
HTclEvent: DEBUG_PORT_CONFIG_CHANGE   Classes: ui.views.aR 
 (See /home/vassil/workspace/xilinx/sum/planAhead_pid39914.debug)
ERROR: [Common 17-39] 'stop_gui' failed due to earlier errors.
INFO: [Common 17-206] Exiting PlanAhead at Sun Nov 26 00:39:52 2023...
INFO: [Common 17-83] Releasing license: PlanAhead
